[2026-04-14T10:17:30Z] === ENRICH ITERATION 1 START | repo=guzzle/guzzle_sphinx_theme sha=932d5b15 ===
[2026-04-14T10:17:30Z] [iter=1] PHASE START: enrich repo=guzzle/guzzle_sphinx_theme sha=932d5b15 runlog=/home/runner/work/forx/forx/storage/aggregate/lsp/logs/932d5b15-enrich-iter-001.log output=/home/runner/work/forx/forx/storage/aggregate/lsp/932d5b152bf55d294e74abf6aa3da58d7b9e244f.nq.gz
[2026-04-14T10:17:31Z] [iter=1] Step 1: Loading AST into disk-backed store mem_mb=77 MB
[2026-04-14T10:17:33Z] [iter=1] AST store loaded triples=342894 load_secs=3 mem_mb=629 MB
[2026-04-14T10:17:33Z] [iter=1] Step 2: Finding LSP targets mem_mb=629 MB
[2026-04-14T10:17:33Z] [iter=1] LSP targets found call_sites=2555 imports=13 extends=1 implements=0 secs=0
[2026-04-14T10:17:33Z] [iter=1] Step 2.7: Building position index (one-shot, shared across resolvers) mem_mb=629 MB
[2026-04-14T10:17:35Z] [iter=1] Position index built positions=23550 nodes_with_types=27269 secs=1 mem_mb=629 MB
[2026-04-14T10:17:35Z] [iter=1] Step 3: Starting LSP resolution mem_mb=629 MB already_completed_types=[] already_completed_files=0
[2026-04-14T10:17:35Z] [iter=1] Resolving target type target_type=call_site count=2555
[2026-04-14T10:20:51Z] [iter=1] HEARTBEAT target_type=call_site elapsed_min=3.3 files_done=1 resolved=66 errors=1528 current=guzzle_sphinx_theme/guzzle_sphinx_theme/static/js/bootstrap.js
[2026-04-14T10:21:57Z] [iter=1] HEARTBEAT target_type=call_site elapsed_min=4.4 files_done=2 resolved=85 errors=2038 current=setup.py
[2026-04-14T10:22:02Z] [iter=1] Target type resolved target_type=call_site resolved=103 errors=2069 secs=268 mem_mb=629 MB
[2026-04-14T10:22:02Z] [iter=1] Resolving target type target_type=import_statement count=13
[2026-04-14T10:22:05Z] [iter=1] Target type resolved target_type=import_statement resolved=9 errors=0 secs=2 mem_mb=629 MB
[2026-04-14T10:22:05Z] [iter=1] Resolving target type target_type=extends_clause count=1
[2026-04-14T10:22:06Z] [iter=1] Target type resolved target_type=extends_clause resolved=0 errors=0 secs=1 mem_mb=629 MB
[2026-04-14T10:22:10Z] [iter=1] Step 5: Writing final enrichment file triples=21693
[2026-04-14T10:22:10Z] [iter=1] Enrichment file written path=/home/runner/work/forx/forx/storage/aggregate/lsp/932d5b152bf55d294e74abf6aa3da58d7b9e244f.nq.gz size_kb=321
[2026-04-14T10:22:10Z] [iter=1] PHASE END: enrich elapsed_s=280 elapsed_min=4.7 total_triples=21693
